<?xml version="1.0" encoding="UTF-8"?>
<testsuite xmlns:xsi="http://www.w3.org/2001/XMLSchema-instance" xsi:schemaLocation="https://maven.apache.org/surefire/maven-surefire-plugin/xsd/surefire-test-report.xsd" name="com.business.product.repository.ProductCategoryRepositoryTest" time="0.536" tests="2" errors="0" skipped="0" failures="0">
  <properties>
[...]
</properties>
  <testcase name="findByCategoryTypeIn" classname="com.business.product.repository.ProductCategoryRepositoryTest" time="0.478"/>
  <testcase name="contextLoads" classname="com.business.product.repository.ProductCategoryRepositoryTest" time="0.006"/>
</testsuite>